[2025-03-24 00:16:10] Uncaught Exception: Call to a member function prepare() on null
File: D:\diploms-2025\wine_sales_automation\config\database.php on line 52
Stack trace: 
#0 D:\diploms-2025\wine_sales_automation\controllers\CustomerController.php(157): Database->select('SELECT ci.*, p....', Array)
#1 D:\diploms-2025\wine_sales_automation\api\cart_count.php(18): CustomerController->getCart('fa3d4b565f0ee91...')
#2 {main}

[2025-03-24 00:16:11] Uncaught Exception: Call to a member function prepare() on null
File: D:\diploms-2025\wine_sales_automation\config\database.php on line 52
Stack trace: 
#0 D:\diploms-2025\wine_sales_automation\controllers\CustomerController.php(157): Database->select('SELECT ci.*, p....', Array)
#1 D:\diploms-2025\wine_sales_automation\api\cart_count.php(18): CustomerController->getCart('fa3d4b565f0ee91...')
#2 {main}

[2025-03-24 00:39:09] Uncaught Exception: Call to a member function prepare() on null
File: D:\diploms-2025\wine_sales_automation\config\database.php on line 52
Stack trace: 
#0 D:\diploms-2025\wine_sales_automation\controllers\CustomerController.php(157): Database->select('SELECT ci.*, p....', Array)
#1 D:\diploms-2025\wine_sales_automation\api\cart_count.php(18): CustomerController->getCart('fa3d4b565f0ee91...')
#2 {main}

[2025-03-24 01:03:00] Uncaught Exception: Call to a member function prepare() on null
File: D:\diploms-2025\wine_sales_automation\config\database.php on line 72
Stack trace: 
#0 D:\diploms-2025\wine_sales_automation\controllers\AuthController.php(36): Database->selectOne('SELECT * FROM u...', Array)
#1 D:\diploms-2025\wine_sales_automation\login.php(50): AuthController->login('admin', 'password')
#2 {main}

[2025-03-24 01:03:56] Uncaught Exception: Call to a member function prepare() on null
File: D:\diploms-2025\wine_sales_automation\config\database.php on line 73
Stack trace: 
#0 D:\diploms-2025\wine_sales_automation\controllers\AuthController.php(36): Database->selectOne('SELECT * FROM u...', Array)
#1 D:\diploms-2025\wine_sales_automation\login.php(50): AuthController->login('admin', 'password')
#2 {main}

[2025-03-24 01:04:07] Uncaught Exception: Call to a member function prepare() on null
File: D:\diploms-2025\wine_sales_automation\config\database.php on line 52
Stack trace: 
#0 D:\diploms-2025\wine_sales_automation\controllers\CustomerController.php(157): Database->select('SELECT ci.*, p....', Array)
#1 D:\diploms-2025\wine_sales_automation\api\cart_count.php(18): CustomerController->getCart('fa3d4b565f0ee91...')
#2 {main}

[2025-03-24 01:04:23] Uncaught Exception: Call to a member function prepare() on null
File: D:\diploms-2025\wine_sales_automation\config\database.php on line 52
Stack trace: 
#0 D:\diploms-2025\wine_sales_automation\controllers\CustomerController.php(157): Database->select('SELECT ci.*, p....', Array)
#1 D:\diploms-2025\wine_sales_automation\api\cart_count.php(18): CustomerController->getCart('fa3d4b565f0ee91...')
#2 {main}

[2025-03-24 10:39:55] Uncaught Exception: Call to undefined method CustomerController::getFeaturedProducts()
File: D:\diploms-2025\wine_sales_automation\index.php on line 79
Stack trace: 
#0 {main}

